16:19:57 INFO  [] - Slf4jLogger started
16:19:57 INFO  [actors.Main$(akka://actorSystem)] - Current order: Map(myPhone1 -> 61, myPhone2 -> 16, myPhone3 -> 72)
16:19:57 INFO  [actors.Main$(akka://actorSystem)] - Starting order
16:22:34 INFO  [] - Slf4jLogger started
16:22:34 INFO  [actors.Main$(akka://actorSystem)] - Current order: Map(myPhone1 -> 47, myPhone2 -> 7, myPhone3 -> 81)
16:22:34 INFO  [actors.Main$(akka://actorSystem)] - Starting order
16:22:34 INFO  [akka://actorSystem/user/$b] - sent orders
16:22:34 INFO  [akka://actorSystem/user/$b] - Processed myPhone2
16:22:34 INFO  [akka://actorSystem/user/$b] - Processed myPhone1
16:22:34 INFO  [akka://actorSystem/user/$b] - Processed myPhone1
16:22:34 INFO  [akka://actorSystem/user/$b] - Processed myPhone2
16:22:34 INFO  [akka://actorSystem/user/$b] - Processed myPhone2
16:22:34 INFO  [akka://actorSystem/user/$b] - Processed myPhone2
16:22:34 INFO  [akka://actorSystem/user/$b] - Processed myPhone2
16:22:34 INFO  [akka://actorSystem/user/$b] - Processed myPhone2
16:22:34 INFO  [akka://actorSystem/user/$b] - Processed myPhone2
16:22:34 INFO  [akka://actorSystem/user/$b] - Processed myPhone1
16:22:34 INFO  [akka://actorSystem/user/$b] - Processed myPhone1
16:22:34 INFO  [akka://actorSystem/user/$b] - Processed myPhone1
16:22:34 INFO  [akka://actorSystem/user/$b] - Processed myPhone1
16:22:34 INFO  [akka://actorSystem/user/$b] - Processed myPhone1
16:22:34 INFO  [akka://actorSystem/user/$b] - Processed myPhone1
16:22:34 INFO  [akka://actorSystem/user/$b] - Processed myPhone1
16:22:34 INFO  [akka://actorSystem/user/$b] - Processed myPhone1
16:22:34 INFO  [akka://actorSystem/user/$b] - Processed myPhone1
16:22:34 INFO  [akka://actorSystem/user/$b] - Processed myPhone1
16:22:34 INFO  [akka://actorSystem/user/$b] - Processed myPhone1
16:22:34 INFO  [akka://actorSystem/user/$b] - Processed myPhone1
16:22:34 INFO  [akka://actorSystem/user/$b] - Processed myPhone1
16:22:34 INFO  [akka://actorSystem/user/$b] - Processed myPhone1
16:22:34 INFO  [akka://actorSystem/user/$b] - Processed myPhone1
16:22:34 INFO  [akka://actorSystem/user/$b] - Processed myPhone1
16:22:34 INFO  [akka://actorSystem/user/$b] - Processed myPhone1
16:22:34 INFO  [akka://actorSystem/user/$b] - Processed myPhone1
16:22:34 INFO  [akka://actorSystem/user/$b] - Processed myPhone1
16:22:34 INFO  [akka://actorSystem/user/$b] - Processed myPhone1
16:22:34 INFO  [akka://actorSystem/user/$b] - Processed myPhone1
16:22:34 INFO  [akka://actorSystem/user/$b] - Processed myPhone1
16:22:34 INFO  [akka://actorSystem/user/$b] - Processed myPhone1
16:22:34 INFO  [akka://actorSystem/user/$b] - Processed myPhone1
16:22:34 INFO  [akka://actorSystem/user/$b] - Processed myPhone1
16:22:34 INFO  [akka://actorSystem/user/$b] - Processed myPhone1
16:22:34 INFO  [akka://actorSystem/user/$b] - Processed myPhone1
16:22:34 INFO  [akka://actorSystem/user/$b] - Processed myPhone3
16:22:34 INFO  [akka://actorSystem/user/$b] - Processed myPhone3
16:22:34 INFO  [akka://actorSystem/user/$b] - Processed myPhone1
16:22:34 INFO  [akka://actorSystem/user/$b] - Processed myPhone3
16:22:34 INFO  [akka://actorSystem/user/$b] - Processed myPhone3
16:22:34 INFO  [akka://actorSystem/user/$b] - Processed myPhone1
16:22:34 INFO  [akka://actorSystem/user/$b] - Processed myPhone3
16:22:34 INFO  [akka://actorSystem/user/$b] - Processed myPhone1
16:22:34 INFO  [akka://actorSystem/user/$b] - Processed myPhone3
16:22:34 INFO  [akka://actorSystem/user/$b] - Processed myPhone1
16:22:34 INFO  [akka://actorSystem/user/$b] - Processed myPhone1
16:22:34 INFO  [akka://actorSystem/user/$b] - Processed myPhone1
16:22:34 INFO  [akka://actorSystem/user/$b] - Processed myPhone3
16:22:34 INFO  [akka://actorSystem/user/$b] - Processed myPhone3
16:22:34 INFO  [akka://actorSystem/user/$b] - Processed myPhone1
16:22:34 INFO  [akka://actorSystem/user/$b] - Processed myPhone3
16:22:34 INFO  [akka://actorSystem/user/$b] - Processed myPhone3
16:22:34 INFO  [akka://actorSystem/user/$b] - Processed myPhone3
16:22:34 INFO  [akka://actorSystem/user/$b] - Processed myPhone1
16:22:34 INFO  [akka://actorSystem/user/$b] - Processed myPhone1
16:22:34 INFO  [akka://actorSystem/user/$b] - Processed myPhone3
16:22:34 INFO  [akka://actorSystem/user/$b] - Processed myPhone3
16:22:34 INFO  [akka://actorSystem/user/$b] - Processed myPhone1
16:22:34 INFO  [akka://actorSystem/user/$b] - Processed myPhone3
16:22:34 INFO  [akka://actorSystem/user/$b] - Processed myPhone1
16:22:34 INFO  [akka://actorSystem/user/$b] - Processed myPhone3
16:22:34 INFO  [akka://actorSystem/user/$b] - Processed myPhone3
16:22:34 INFO  [akka://actorSystem/user/$b] - Processed myPhone3
16:22:34 INFO  [akka://actorSystem/user/$b] - Processed myPhone3
16:22:34 INFO  [akka://actorSystem/user/$b] - Processed myPhone1
16:22:34 INFO  [akka://actorSystem/user/$b] - Processed myPhone3
16:22:34 INFO  [akka://actorSystem/user/$b] - Processed myPhone3
16:22:34 INFO  [akka://actorSystem/user/$b] - Processed myPhone1
16:22:34 INFO  [akka://actorSystem/user/$b] - Processed myPhone3
16:22:34 INFO  [akka://actorSystem/user/$b] - Processed myPhone1
16:22:34 INFO  [akka://actorSystem/user/$b] - Processed myPhone1
16:22:34 INFO  [akka://actorSystem/user/$b] - Processed myPhone1
16:22:34 INFO  [akka://actorSystem/user/$b] - Processed myPhone3
16:22:34 INFO  [akka://actorSystem/user/$b] - Processed myPhone1
16:22:34 INFO  [akka://actorSystem/user/$b] - Processed myPhone3
16:22:34 INFO  [akka://actorSystem/user/$b] - Processed myPhone1
16:22:34 INFO  [akka://actorSystem/user/$b] - Processed myPhone3
16:22:34 INFO  [akka://actorSystem/user/$b] - Processed myPhone3
16:22:34 INFO  [akka://actorSystem/user/$b] - Processed myPhone3
16:22:34 INFO  [akka://actorSystem/user/$b] - Processed myPhone3
16:22:34 INFO  [akka://actorSystem/user/$b] - Processed myPhone3
16:22:34 INFO  [akka://actorSystem/user/$b] - Processed myPhone3
16:22:34 INFO  [akka://actorSystem/user/$b] - Processed myPhone3
16:22:34 INFO  [akka://actorSystem/user/$b] - Processed myPhone3
16:22:34 INFO  [akka://actorSystem/user/$b] - Processed myPhone3
16:22:34 INFO  [akka://actorSystem/user/$b] - Processed myPhone3
16:22:34 INFO  [akka://actorSystem/user/$b] - Processed myPhone3
16:22:34 INFO  [akka://actorSystem/user/$b] - Processed myPhone3
16:22:34 INFO  [akka://actorSystem/user/$b] - Processed myPhone3
16:22:34 INFO  [akka://actorSystem/user/$b] - Processed myPhone3
16:22:34 INFO  [akka://actorSystem/user/$b] - Processed myPhone3
16:22:34 INFO  [akka://actorSystem/user/$b] - Processed myPhone3
16:22:34 INFO  [akka://actorSystem/user/$b] - Processed myPhone3
16:22:34 INFO  [akka://actorSystem/user/$b] - Processed myPhone3
16:22:34 INFO  [akka://actorSystem/user/$b] - Processed myPhone3
16:22:34 INFO  [akka://actorSystem/user/$b] - Processed myPhone3
16:22:34 INFO  [akka://actorSystem/user/$b] - Processed myPhone3
16:22:34 INFO  [akka://actorSystem/user/$b] - Processed myPhone3
16:22:34 INFO  [akka://actorSystem/user/$b] - Processed myPhone3
16:22:34 INFO  [akka://actorSystem/user/$b] - Processed myPhone3
16:22:34 INFO  [akka://actorSystem/user/$b] - Processed myPhone3
16:22:34 INFO  [akka://actorSystem/user/$b] - Processed myPhone3
16:22:34 INFO  [akka://actorSystem/user/$b] - Processed myPhone3
16:22:34 INFO  [akka://actorSystem/user/$b] - Processed myPhone3
16:22:34 INFO  [akka://actorSystem/user/$b] - Processed myPhone3
16:22:34 INFO  [akka://actorSystem/user/$b] - Processed myPhone3
16:22:34 INFO  [akka://actorSystem/user/$b] - Processed myPhone3
16:22:34 INFO  [akka://actorSystem/user/$b] - Processed myPhone3
16:22:34 INFO  [akka://actorSystem/user/$b] - Processed myPhone3
16:22:34 INFO  [akka://actorSystem/user/$b] - Processed myPhone3
16:22:34 INFO  [akka://actorSystem/user/$b] - Processed myPhone3
16:22:34 INFO  [akka://actorSystem/user/$b] - Processed myPhone3
16:22:34 INFO  [akka://actorSystem/user/$b] - Processed myPhone3
16:22:34 INFO  [akka://actorSystem/user/$b] - Processed myPhone3
16:22:34 INFO  [akka://actorSystem/user/$b] - Processed myPhone3
16:22:34 INFO  [akka://actorSystem/user/$b] - Processed myPhone3
16:22:34 INFO  [akka://actorSystem/user/$b] - Processed myPhone3
16:22:34 INFO  [akka://actorSystem/user/$b] - Processed myPhone3
16:22:34 INFO  [akka://actorSystem/user/$b] - Processed myPhone3
16:22:34 INFO  [akka://actorSystem/user/$b] - Processed myPhone3
16:22:34 INFO  [akka://actorSystem/user/$b] - Processed myPhone3
16:22:34 INFO  [akka://actorSystem/user/$b] - Processed myPhone3
16:22:34 INFO  [akka://actorSystem/user/$b] - Processed myPhone3
16:22:34 INFO  [akka://actorSystem/user/$b] - Processed myPhone3
16:22:34 INFO  [akka://actorSystem/user/$b] - Processed myPhone3
16:22:34 INFO  [akka://actorSystem/user/$b] - Processed myPhone3
16:22:34 INFO  [akka://actorSystem/user/$b] - Processed myPhone3
16:22:34 INFO  [akka://actorSystem/user/$b] - Processed myPhone3
16:22:34 INFO  [akka://actorSystem/user/$b] - Processed myPhone3
16:22:34 INFO  [akka://actorSystem/user/$b] - Processed myPhone3
16:22:34 INFO  [akka://actorSystem/user/$b] - Processed myPhone3
16:22:34 INFO  [akka://actorSystem/user/$b] - Processed myPhone3
16:22:34 INFO  [akka://actorSystem/user/$b] - Processed myPhone3
16:22:34 INFO  [akka://actorSystem/user/$b] - Processed myPhone3
